[debug] [2023-05-12T19:31:57.190Z] ----------------------------------------------------------------------
[debug] [2023-05-12T19:31:57.192Z] Command:       C:\Program Files\nodejs\node.exe C:\Users\Lisan\AppData\Roaming\npm\node_modules\firebase-tools\lib\bin\firebase.js init
[debug] [2023-05-12T19:31:57.192Z] CLI Version:   12.0.0
[debug] [2023-05-12T19:31:57.192Z] Platform:      win32
[debug] [2023-05-12T19:31:57.192Z] Node Version:  v18.12.1
[debug] [2023-05-12T19:31:57.193Z] Time:          Fri May 12 2023 16:31:57 GMT-0300 (hora estándar de Argentina)
[debug] [2023-05-12T19:31:57.193Z] ----------------------------------------------------------------------
[debug] 
[debug] [2023-05-12T19:31:57.197Z] > command requires scopes: ["email","openid","https://www.googleapis.com/auth/cloudplatformprojects.readonly","https://www.googleapis.com/auth/firebase","https://www.googleapis.com/auth/cloud-platform"]
[debug] [2023-05-12T19:31:57.198Z] > authorizing via signed-in user (rios.lisandro369@gmail.com)
[info] 
     ######## #### ########  ######## ########     ###     ######  ########
     ##        ##  ##     ## ##       ##     ##  ##   ##  ##       ##
     ######    ##  ########  ######   ########  #########  ######  ######
     ##        ##  ##    ##  ##       ##     ## ##     ##       ## ##
     ##       #### ##     ## ######## ########  ##     ##  ######  ########

You're about to initialize a Firebase project in this directory:

  C:\Users\Lisan\OneDrive\Escritorio\Lisandro\Programación\PorfolioWebFrontend

[info] 
=== Project Setup
[info] 
[info] First, let's associate this project directory with a Firebase project.
[info] You can create multiple project aliases by running firebase use --add, 
[info] but for now we'll just set up a default project.
[info] 
[info] 
=== Hosting Setup
[info] 
[info] Your public directory is the folder (relative to your project directory) that
[info] will contain Hosting assets to be uploaded with firebase deploy. If you
[info] have a build process for your assets, use your build's output directory.
[info] 
